<?xml version="1.0" encoding="UTF-8"?>
<!-- Generated by org.testng.reporters.JUnitReportReporter -->
<testsuite hostname="DESKTOP-R87JL81" failures="0" tests="1" name="tests.getAndPostExamples" time="3.458" errors="0" timestamp="2022-07-21T11:43:13 CDT" skipped="0">
  <testcase classname="tests.getAndPostExamples" name="testPost" time="3.458"/>
  <system-out/>
</testsuite> <!-- tests.getAndPostExamples -->
