<?xml version="1.0" encoding="UTF-8"?>
<!-- Generated by org.testng.reporters.JUnitReportReporter -->
<testsuite hostname="DESKTOP-R87JL81" failures="0" tests="2" name="tests.TestCaseOne" time="4.297" errors="0" timestamp="2022-07-21T00:19:47 CDT" skipped="0">
  <testcase classname="tests.TestCaseOne" name="test_1" time="2.750"/>
  <system-out/>
  <testcase classname="tests.TestCaseOne" name="test_2" time="1.547"/>
  <system-out/>
</testsuite> <!-- tests.TestCaseOne -->
