<?xml version="1.0" encoding="UTF-8"?>
<!-- Generated by org.testng.reporters.JUnitReportReporter -->
<testsuite hostname="DESKTOP-R87JL81" failures="0" tests="1" name="tests.PutPathchAndDeleteExamples" time="2.941" errors="0" timestamp="2022-07-21T12:42:03 CDT" skipped="0">
  <testcase classname="tests.PutPathchAndDeleteExamples" name="testDelete" time="2.941"/>
  <system-out/>
</testsuite> <!-- tests.PutPathchAndDeleteExamples -->
